{
  error: Error: Cannot find module '../MailService'
  Require stack:
  - C:\Users\Chris\Desktop\FoodGo\services\AuthServices\SendEmailVerification.js
  - C:\Users\Chris\Desktop\FoodGo\services\AuthServices\index.js
  - C:\Users\Chris\Desktop\FoodGo\controllers\auth.controller.js
  - C:\Users\Chris\Desktop\FoodGo\routes\auth.js
  - C:\Users\Chris\Desktop\FoodGo\launch\routes.js
  - C:\Users\Chris\Desktop\FoodGo\index.js
      at Module._resolveFilename (node:internal/modules/cjs/loader:1144:15)
      at Module._load (node:internal/modules/cjs/loader:985:27)
      at Module.require (node:internal/modules/cjs/loader:1235:19)
      at require (node:internal/modules/helpers:176:18)
      at Object.<anonymous> (C:\Users\Chris\Desktop\FoodGo\services\AuthServices\SendEmailVerification.js:6:35)
      at Module._compile (node:internal/modules/cjs/loader:1376:14)
      at Module._extensions..js (node:internal/modules/cjs/loader:1435:10)
      at Module.load (node:internal/modules/cjs/loader:1207:32)
      at Module._load (node:internal/modules/cjs/loader:1023:12)
      at Module.require (node:internal/modules/cjs/loader:1235:19) {
    code: 'MODULE_NOT_FOUND',
    requireStack: [
      'C:\\Users\\Chris\\Desktop\\FoodGo\\services\\AuthServices\\SendEmailVerification.js',
      'C:\\Users\\Chris\\Desktop\\FoodGo\\services\\AuthServices\\index.js',
      'C:\\Users\\Chris\\Desktop\\FoodGo\\controllers\\auth.controller.js',
      'C:\\Users\\Chris\\Desktop\\FoodGo\\routes\\auth.js',
      'C:\\Users\\Chris\\Desktop\\FoodGo\\launch\\routes.js',
      'C:\\Users\\Chris\\Desktop\\FoodGo\\index.js'
    ]
  },
  level: 'error',
  message: "uncaughtException: Cannot find module '../MailService'\n" +
    'Require stack:\n' +
    '- C:\\Users\\Chris\\Desktop\\FoodGo\\services\\AuthServices\\SendEmailVerification.js\n' +
    '- C:\\Users\\Chris\\Desktop\\FoodGo\\services\\AuthServices\\index.js\n' +
    '- C:\\Users\\Chris\\Desktop\\FoodGo\\controllers\\auth.controller.js\n' +
    '- C:\\Users\\Chris\\Desktop\\FoodGo\\routes\\auth.js\n' +
    '- C:\\Users\\Chris\\Desktop\\FoodGo\\launch\\routes.js\n' +
    '- C:\\Users\\Chris\\Desktop\\FoodGo\\index.js\n' +
    "Error: Cannot find module '../MailService'\n" +
    'Require stack:\n' +
    '- C:\\Users\\Chris\\Desktop\\FoodGo\\services\\AuthServices\\SendEmailVerification.js\n' +
    '- C:\\Users\\Chris\\Desktop\\FoodGo\\services\\AuthServices\\index.js\n' +
    '- C:\\Users\\Chris\\Desktop\\FoodGo\\controllers\\auth.controller.js\n' +
    '- C:\\Users\\Chris\\Desktop\\FoodGo\\routes\\auth.js\n' +
    '- C:\\Users\\Chris\\Desktop\\FoodGo\\launch\\routes.js\n' +
    '- C:\\Users\\Chris\\Desktop\\FoodGo\\index.js\n' +
    '    at Module._resolveFilename (node:internal/modules/cjs/loader:1144:15)\n' +
    '    at Module._load (node:internal/modules/cjs/loader:985:27)\n' +
    '    at Module.require (node:internal/modules/cjs/loader:1235:19)\n' +
    '    at require (node:internal/modules/helpers:176:18)\n' +
    '    at Object.<anonymous> (C:\\Users\\Chris\\Desktop\\FoodGo\\services\\AuthServices\\SendEmailVerification.js:6:35)\n' +
    '    at Module._compile (node:internal/modules/cjs/loader:1376:14)\n' +
    '    at Module._extensions..js (node:internal/modules/cjs/loader:1435:10)\n' +
    '    at Module.load (node:internal/modules/cjs/loader:1207:32)\n' +
    '    at Module._load (node:internal/modules/cjs/loader:1023:12)\n' +
    '    at Module.require (node:internal/modules/cjs/loader:1235:19)',
  stack: "Error: Cannot find module '../MailService'\n" +
    'Require stack:\n' +
    '- C:\\Users\\Chris\\Desktop\\FoodGo\\services\\AuthServices\\SendEmailVerification.js\n' +
    '- C:\\Users\\Chris\\Desktop\\FoodGo\\services\\AuthServices\\index.js\n' +
    '- C:\\Users\\Chris\\Desktop\\FoodGo\\controllers\\auth.controller.js\n' +
    '- C:\\Users\\Chris\\Desktop\\FoodGo\\routes\\auth.js\n' +
    '- C:\\Users\\Chris\\Desktop\\FoodGo\\launch\\routes.js\n' +
    '- C:\\Users\\Chris\\Desktop\\FoodGo\\index.js\n' +
    '    at Module._resolveFilename (node:internal/modules/cjs/loader:1144:15)\n' +
    '    at Module._load (node:internal/modules/cjs/loader:985:27)\n' +
    '    at Module.require (node:internal/modules/cjs/loader:1235:19)\n' +
    '    at require (node:internal/modules/helpers:176:18)\n' +
    '    at Object.<anonymous> (C:\\Users\\Chris\\Desktop\\FoodGo\\services\\AuthServices\\SendEmailVerification.js:6:35)\n' +
    '    at Module._compile (node:internal/modules/cjs/loader:1376:14)\n' +
    '    at Module._extensions..js (node:internal/modules/cjs/loader:1435:10)\n' +
    '    at Module.load (node:internal/modules/cjs/loader:1207:32)\n' +
    '    at Module._load (node:internal/modules/cjs/loader:1023:12)\n' +
    '    at Module.require (node:internal/modules/cjs/loader:1235:19)',
  exception: true,
  date: 'Wed Jan 01 2025 06:38:18 GMT-0800 (Pacific Standard Time)',
  process: {
    pid: 16844,
    uid: null,
    gid: null,
    cwd: 'C:\\Users\\Chris\\Desktop\\FoodGo',
    execPath: 'C:\\Program Files\\nodejs\\node.exe',
    version: 'v20.11.0',
    argv: [
      'C:\\Program Files\\nodejs\\node.exe',
      'C:\\Users\\Chris\\Desktop\\FoodGo\\index.js',
      'index.js'
    ],
    memoryUsage: {
      rss: 106848256,
      heapTotal: 73895936,
      heapUsed: 54043296,
      external: 20732566,
      arrayBuffers: 18293563
    }
  },
  os: { loadavg: [ 0, 0, 0 ], uptime: 486696.5 },
  trace: [
    {
      column: 15,
      file: 'node:internal/modules/cjs/loader',
      function: 'Module._resolveFilename',
      line: 1144,
      method: '_resolveFilename',
      native: false
    },
    {
      column: 27,
      file: 'node:internal/modules/cjs/loader',
      function: 'Module._load',
      line: 985,
      method: '_load',
      native: false
    },
    {
      column: 19,
      file: 'node:internal/modules/cjs/loader',
      function: 'Module.require',
      line: 1235,
      method: 'require',
      native: false
    },
    {
      column: 18,
      file: 'node:internal/modules/helpers',
      function: 'require',
      line: 176,
      method: null,
      native: false
    },
    {
      column: 35,
      file: 'C:\\Users\\Chris\\Desktop\\FoodGo\\services\\AuthServices\\SendEmailVerification.js',
      function: null,
      line: 6,
      method: null,
      native: false
    },
    {
      column: 14,
      file: 'node:internal/modules/cjs/loader',
      function: 'Module._compile',
      line: 1376,
      method: '_compile',
      native: false
    },
    {
      column: 10,
      file: 'node:internal/modules/cjs/loader',
      function: 'Module._extensions..js',
      line: 1435,
      method: '.js',
      native: false
    },
    {
      column: 32,
      file: 'node:internal/modules/cjs/loader',
      function: 'Module.load',
      line: 1207,
      method: 'load',
      native: false
    },
    {
      column: 12,
      file: 'node:internal/modules/cjs/loader',
      function: 'Module._load',
      line: 1023,
      method: '_load',
      native: false
    },
    {
      column: 19,
      file: 'node:internal/modules/cjs/loader',
      function: 'Module.require',
      line: 1235,
      method: 'require',
      native: false
    }
  ],
  label: 'winston custom format',
  timestamp: 'Jan-01-2025 06:38:18'
}
{
  error: Error: Cannot find module '../MailService'
  Require stack:
  - C:\Users\Chris\Desktop\FoodGo\services\AuthServices\SendEmailVerification.js
  - C:\Users\Chris\Desktop\FoodGo\services\AuthServices\index.js
  - C:\Users\Chris\Desktop\FoodGo\controllers\auth.controller.js
  - C:\Users\Chris\Desktop\FoodGo\routes\auth.js
  - C:\Users\Chris\Desktop\FoodGo\launch\routes.js
  - C:\Users\Chris\Desktop\FoodGo\index.js
      at Module._resolveFilename (node:internal/modules/cjs/loader:1144:15)
      at Module._load (node:internal/modules/cjs/loader:985:27)
      at Module.require (node:internal/modules/cjs/loader:1235:19)
      at require (node:internal/modules/helpers:176:18)
      at Object.<anonymous> (C:\Users\Chris\Desktop\FoodGo\services\AuthServices\SendEmailVerification.js:6:35)
      at Module._compile (node:internal/modules/cjs/loader:1376:14)
      at Module._extensions..js (node:internal/modules/cjs/loader:1435:10)
      at Module.load (node:internal/modules/cjs/loader:1207:32)
      at Module._load (node:internal/modules/cjs/loader:1023:12)
      at Module.require (node:internal/modules/cjs/loader:1235:19) {
    code: 'MODULE_NOT_FOUND',
    requireStack: [
      'C:\\Users\\Chris\\Desktop\\FoodGo\\services\\AuthServices\\SendEmailVerification.js',
      'C:\\Users\\Chris\\Desktop\\FoodGo\\services\\AuthServices\\index.js',
      'C:\\Users\\Chris\\Desktop\\FoodGo\\controllers\\auth.controller.js',
      'C:\\Users\\Chris\\Desktop\\FoodGo\\routes\\auth.js',
      'C:\\Users\\Chris\\Desktop\\FoodGo\\launch\\routes.js',
      'C:\\Users\\Chris\\Desktop\\FoodGo\\index.js'
    ]
  },
  level: 'error',
  message: "uncaughtException: Cannot find module '../MailService'\n" +
    'Require stack:\n' +
    '- C:\\Users\\Chris\\Desktop\\FoodGo\\services\\AuthServices\\SendEmailVerification.js\n' +
    '- C:\\Users\\Chris\\Desktop\\FoodGo\\services\\AuthServices\\index.js\n' +
    '- C:\\Users\\Chris\\Desktop\\FoodGo\\controllers\\auth.controller.js\n' +
    '- C:\\Users\\Chris\\Desktop\\FoodGo\\routes\\auth.js\n' +
    '- C:\\Users\\Chris\\Desktop\\FoodGo\\launch\\routes.js\n' +
    '- C:\\Users\\Chris\\Desktop\\FoodGo\\index.js\n' +
    "Error: Cannot find module '../MailService'\n" +
    'Require stack:\n' +
    '- C:\\Users\\Chris\\Desktop\\FoodGo\\services\\AuthServices\\SendEmailVerification.js\n' +
    '- C:\\Users\\Chris\\Desktop\\FoodGo\\services\\AuthServices\\index.js\n' +
    '- C:\\Users\\Chris\\Desktop\\FoodGo\\controllers\\auth.controller.js\n' +
    '- C:\\Users\\Chris\\Desktop\\FoodGo\\routes\\auth.js\n' +
    '- C:\\Users\\Chris\\Desktop\\FoodGo\\launch\\routes.js\n' +
    '- C:\\Users\\Chris\\Desktop\\FoodGo\\index.js\n' +
    '    at Module._resolveFilename (node:internal/modules/cjs/loader:1144:15)\n' +
    '    at Module._load (node:internal/modules/cjs/loader:985:27)\n' +
    '    at Module.require (node:internal/modules/cjs/loader:1235:19)\n' +
    '    at require (node:internal/modules/helpers:176:18)\n' +
    '    at Object.<anonymous> (C:\\Users\\Chris\\Desktop\\FoodGo\\services\\AuthServices\\SendEmailVerification.js:6:35)\n' +
    '    at Module._compile (node:internal/modules/cjs/loader:1376:14)\n' +
    '    at Module._extensions..js (node:internal/modules/cjs/loader:1435:10)\n' +
    '    at Module.load (node:internal/modules/cjs/loader:1207:32)\n' +
    '    at Module._load (node:internal/modules/cjs/loader:1023:12)\n' +
    '    at Module.require (node:internal/modules/cjs/loader:1235:19)',
  stack: "Error: Cannot find module '../MailService'\n" +
    'Require stack:\n' +
    '- C:\\Users\\Chris\\Desktop\\FoodGo\\services\\AuthServices\\SendEmailVerification.js\n' +
    '- C:\\Users\\Chris\\Desktop\\FoodGo\\services\\AuthServices\\index.js\n' +
    '- C:\\Users\\Chris\\Desktop\\FoodGo\\controllers\\auth.controller.js\n' +
    '- C:\\Users\\Chris\\Desktop\\FoodGo\\routes\\auth.js\n' +
    '- C:\\Users\\Chris\\Desktop\\FoodGo\\launch\\routes.js\n' +
    '- C:\\Users\\Chris\\Desktop\\FoodGo\\index.js\n' +
    '    at Module._resolveFilename (node:internal/modules/cjs/loader:1144:15)\n' +
    '    at Module._load (node:internal/modules/cjs/loader:985:27)\n' +
    '    at Module.require (node:internal/modules/cjs/loader:1235:19)\n' +
    '    at require (node:internal/modules/helpers:176:18)\n' +
    '    at Object.<anonymous> (C:\\Users\\Chris\\Desktop\\FoodGo\\services\\AuthServices\\SendEmailVerification.js:6:35)\n' +
    '    at Module._compile (node:internal/modules/cjs/loader:1376:14)\n' +
    '    at Module._extensions..js (node:internal/modules/cjs/loader:1435:10)\n' +
    '    at Module.load (node:internal/modules/cjs/loader:1207:32)\n' +
    '    at Module._load (node:internal/modules/cjs/loader:1023:12)\n' +
    '    at Module.require (node:internal/modules/cjs/loader:1235:19)',
  exception: true,
  date: 'Wed Jan 01 2025 06:41:51 GMT-0800 (Pacific Standard Time)',
  process: {
    pid: 15348,
    uid: null,
    gid: null,
    cwd: 'C:\\Users\\Chris\\Desktop\\FoodGo',
    execPath: 'C:\\Program Files\\nodejs\\node.exe',
    version: 'v20.11.0',
    argv: [
      'C:\\Program Files\\nodejs\\node.exe',
      'C:\\Users\\Chris\\Desktop\\FoodGo\\index.js',
      'index.js'
    ],
    memoryUsage: {
      rss: 106438656,
      heapTotal: 73633792,
      heapUsed: 53949288,
      external: 20732566,
      arrayBuffers: 18293563
    }
  },
  os: { loadavg: [ 0, 0, 0 ], uptime: 486909.046 },
  trace: [
    {
      column: 15,
      file: 'node:internal/modules/cjs/loader',
      function: 'Module._resolveFilename',
      line: 1144,
      method: '_resolveFilename',
      native: false
    },
    {
      column: 27,
      file: 'node:internal/modules/cjs/loader',
      function: 'Module._load',
      line: 985,
      method: '_load',
      native: false
    },
    {
      column: 19,
      file: 'node:internal/modules/cjs/loader',
      function: 'Module.require',
      line: 1235,
      method: 'require',
      native: false
    },
    {
      column: 18,
      file: 'node:internal/modules/helpers',
      function: 'require',
      line: 176,
      method: null,
      native: false
    },
    {
      column: 35,
      file: 'C:\\Users\\Chris\\Desktop\\FoodGo\\services\\AuthServices\\SendEmailVerification.js',
      function: null,
      line: 6,
      method: null,
      native: false
    },
    {
      column: 14,
      file: 'node:internal/modules/cjs/loader',
      function: 'Module._compile',
      line: 1376,
      method: '_compile',
      native: false
    },
    {
      column: 10,
      file: 'node:internal/modules/cjs/loader',
      function: 'Module._extensions..js',
      line: 1435,
      method: '.js',
      native: false
    },
    {
      column: 32,
      file: 'node:internal/modules/cjs/loader',
      function: 'Module.load',
      line: 1207,
      method: 'load',
      native: false
    },
    {
      column: 12,
      file: 'node:internal/modules/cjs/loader',
      function: 'Module._load',
      line: 1023,
      method: '_load',
      native: false
    },
    {
      column: 19,
      file: 'node:internal/modules/cjs/loader',
      function: 'Module.require',
      line: 1235,
      method: 'require',
      native: false
    }
  ],
  label: 'winston custom format',
  timestamp: 'Jan-01-2025 06:41:51'
}
{
  error: Error: Cannot find module '../MailService'
  Require stack:
  - C:\Users\Chris\Desktop\FoodGo\services\AuthServices\SendEmailVerification.js
  - C:\Users\Chris\Desktop\FoodGo\services\AuthServices\index.js
  - C:\Users\Chris\Desktop\FoodGo\controllers\auth.controller.js
  - C:\Users\Chris\Desktop\FoodGo\routes\auth.js
  - C:\Users\Chris\Desktop\FoodGo\launch\routes.js
  - C:\Users\Chris\Desktop\FoodGo\index.js
      at Module._resolveFilename (node:internal/modules/cjs/loader:1144:15)
      at Module._load (node:internal/modules/cjs/loader:985:27)
      at Module.require (node:internal/modules/cjs/loader:1235:19)
      at require (node:internal/modules/helpers:176:18)
      at Object.<anonymous> (C:\Users\Chris\Desktop\FoodGo\services\AuthServices\SendEmailVerification.js:6:35)
      at Module._compile (node:internal/modules/cjs/loader:1376:14)
      at Module._extensions..js (node:internal/modules/cjs/loader:1435:10)
      at Module.load (node:internal/modules/cjs/loader:1207:32)
      at Module._load (node:internal/modules/cjs/loader:1023:12)
      at Module.require (node:internal/modules/cjs/loader:1235:19) {
    code: 'MODULE_NOT_FOUND',
    requireStack: [
      'C:\\Users\\Chris\\Desktop\\FoodGo\\services\\AuthServices\\SendEmailVerification.js',
      'C:\\Users\\Chris\\Desktop\\FoodGo\\services\\AuthServices\\index.js',
      'C:\\Users\\Chris\\Desktop\\FoodGo\\controllers\\auth.controller.js',
      'C:\\Users\\Chris\\Desktop\\FoodGo\\routes\\auth.js',
      'C:\\Users\\Chris\\Desktop\\FoodGo\\launch\\routes.js',
      'C:\\Users\\Chris\\Desktop\\FoodGo\\index.js'
    ]
  },
  level: 'error',
  message: "uncaughtException: Cannot find module '../MailService'\n" +
    'Require stack:\n' +
    '- C:\\Users\\Chris\\Desktop\\FoodGo\\services\\AuthServices\\SendEmailVerification.js\n' +
    '- C:\\Users\\Chris\\Desktop\\FoodGo\\services\\AuthServices\\index.js\n' +
    '- C:\\Users\\Chris\\Desktop\\FoodGo\\controllers\\auth.controller.js\n' +
    '- C:\\Users\\Chris\\Desktop\\FoodGo\\routes\\auth.js\n' +
    '- C:\\Users\\Chris\\Desktop\\FoodGo\\launch\\routes.js\n' +
    '- C:\\Users\\Chris\\Desktop\\FoodGo\\index.js\n' +
    "Error: Cannot find module '../MailService'\n" +
    'Require stack:\n' +
    '- C:\\Users\\Chris\\Desktop\\FoodGo\\services\\AuthServices\\SendEmailVerification.js\n' +
    '- C:\\Users\\Chris\\Desktop\\FoodGo\\services\\AuthServices\\index.js\n' +
    '- C:\\Users\\Chris\\Desktop\\FoodGo\\controllers\\auth.controller.js\n' +
    '- C:\\Users\\Chris\\Desktop\\FoodGo\\routes\\auth.js\n' +
    '- C:\\Users\\Chris\\Desktop\\FoodGo\\launch\\routes.js\n' +
    '- C:\\Users\\Chris\\Desktop\\FoodGo\\index.js\n' +
    '    at Module._resolveFilename (node:internal/modules/cjs/loader:1144:15)\n' +
    '    at Module._load (node:internal/modules/cjs/loader:985:27)\n' +
    '    at Module.require (node:internal/modules/cjs/loader:1235:19)\n' +
    '    at require (node:internal/modules/helpers:176:18)\n' +
    '    at Object.<anonymous> (C:\\Users\\Chris\\Desktop\\FoodGo\\services\\AuthServices\\SendEmailVerification.js:6:35)\n' +
    '    at Module._compile (node:internal/modules/cjs/loader:1376:14)\n' +
    '    at Module._extensions..js (node:internal/modules/cjs/loader:1435:10)\n' +
    '    at Module.load (node:internal/modules/cjs/loader:1207:32)\n' +
    '    at Module._load (node:internal/modules/cjs/loader:1023:12)\n' +
    '    at Module.require (node:internal/modules/cjs/loader:1235:19)',
  stack: "Error: Cannot find module '../MailService'\n" +
    'Require stack:\n' +
    '- C:\\Users\\Chris\\Desktop\\FoodGo\\services\\AuthServices\\SendEmailVerification.js\n' +
    '- C:\\Users\\Chris\\Desktop\\FoodGo\\services\\AuthServices\\index.js\n' +
    '- C:\\Users\\Chris\\Desktop\\FoodGo\\controllers\\auth.controller.js\n' +
    '- C:\\Users\\Chris\\Desktop\\FoodGo\\routes\\auth.js\n' +
    '- C:\\Users\\Chris\\Desktop\\FoodGo\\launch\\routes.js\n' +
    '- C:\\Users\\Chris\\Desktop\\FoodGo\\index.js\n' +
    '    at Module._resolveFilename (node:internal/modules/cjs/loader:1144:15)\n' +
    '    at Module._load (node:internal/modules/cjs/loader:985:27)\n' +
    '    at Module.require (node:internal/modules/cjs/loader:1235:19)\n' +
    '    at require (node:internal/modules/helpers:176:18)\n' +
    '    at Object.<anonymous> (C:\\Users\\Chris\\Desktop\\FoodGo\\services\\AuthServices\\SendEmailVerification.js:6:35)\n' +
    '    at Module._compile (node:internal/modules/cjs/loader:1376:14)\n' +
    '    at Module._extensions..js (node:internal/modules/cjs/loader:1435:10)\n' +
    '    at Module.load (node:internal/modules/cjs/loader:1207:32)\n' +
    '    at Module._load (node:internal/modules/cjs/loader:1023:12)\n' +
    '    at Module.require (node:internal/modules/cjs/loader:1235:19)',
  exception: true,
  date: 'Wed Jan 01 2025 06:42:03 GMT-0800 (Pacific Standard Time)',
  process: {
    pid: 13704,
    uid: null,
    gid: null,
    cwd: 'C:\\Users\\Chris\\Desktop\\FoodGo',
    execPath: 'C:\\Program Files\\nodejs\\node.exe',
    version: 'v20.11.0',
    argv: [
      'C:\\Program Files\\nodejs\\node.exe',
      'C:\\Users\\Chris\\Desktop\\FoodGo\\index.js',
      'index.js'
    ],
    memoryUsage: {
      rss: 112992256,
      heapTotal: 82976768,
      heapUsed: 45457952,
      external: 20732558,
      arrayBuffers: 18293555
    }
  },
  os: { loadavg: [ 0, 0, 0 ], uptime: 486921.625 },
  trace: [
    {
      column: 15,
      file: 'node:internal/modules/cjs/loader',
      function: 'Module._resolveFilename',
      line: 1144,
      method: '_resolveFilename',
      native: false
    },
    {
      column: 27,
      file: 'node:internal/modules/cjs/loader',
      function: 'Module._load',
      line: 985,
      method: '_load',
      native: false
    },
    {
      column: 19,
      file: 'node:internal/modules/cjs/loader',
      function: 'Module.require',
      line: 1235,
      method: 'require',
      native: false
    },
    {
      column: 18,
      file: 'node:internal/modules/helpers',
      function: 'require',
      line: 176,
      method: null,
      native: false
    },
    {
      column: 35,
      file: 'C:\\Users\\Chris\\Desktop\\FoodGo\\services\\AuthServices\\SendEmailVerification.js',
      function: null,
      line: 6,
      method: null,
      native: false
    },
    {
      column: 14,
      file: 'node:internal/modules/cjs/loader',
      function: 'Module._compile',
      line: 1376,
      method: '_compile',
      native: false
    },
    {
      column: 10,
      file: 'node:internal/modules/cjs/loader',
      function: 'Module._extensions..js',
      line: 1435,
      method: '.js',
      native: false
    },
    {
      column: 32,
      file: 'node:internal/modules/cjs/loader',
      function: 'Module.load',
      line: 1207,
      method: 'load',
      native: false
    },
    {
      column: 12,
      file: 'node:internal/modules/cjs/loader',
      function: 'Module._load',
      line: 1023,
      method: '_load',
      native: false
    },
    {
      column: 19,
      file: 'node:internal/modules/cjs/loader',
      function: 'Module.require',
      line: 1235,
      method: 'require',
      native: false
    }
  ],
  label: 'winston custom format',
  timestamp: 'Jan-01-2025 06:42:03'
}
{
  error: Error: Cannot find module '../MailService'
  Require stack:
  - C:\Users\Chris\Desktop\FoodGo\services\AuthServices\SendEmailVerification.js
  - C:\Users\Chris\Desktop\FoodGo\services\AuthServices\index.js
  - C:\Users\Chris\Desktop\FoodGo\controllers\auth.controller.js
  - C:\Users\Chris\Desktop\FoodGo\routes\auth.js
  - C:\Users\Chris\Desktop\FoodGo\launch\routes.js
  - C:\Users\Chris\Desktop\FoodGo\index.js
      at Module._resolveFilename (node:internal/modules/cjs/loader:1144:15)
      at Module._load (node:internal/modules/cjs/loader:985:27)
      at Module.require (node:internal/modules/cjs/loader:1235:19)
      at require (node:internal/modules/helpers:176:18)
      at Object.<anonymous> (C:\Users\Chris\Desktop\FoodGo\services\AuthServices\SendEmailVerification.js:6:35)
      at Module._compile (node:internal/modules/cjs/loader:1376:14)
      at Module._extensions..js (node:internal/modules/cjs/loader:1435:10)
      at Module.load (node:internal/modules/cjs/loader:1207:32)
      at Module._load (node:internal/modules/cjs/loader:1023:12)
      at Module.require (node:internal/modules/cjs/loader:1235:19) {
    code: 'MODULE_NOT_FOUND',
    requireStack: [
      'C:\\Users\\Chris\\Desktop\\FoodGo\\services\\AuthServices\\SendEmailVerification.js',
      'C:\\Users\\Chris\\Desktop\\FoodGo\\services\\AuthServices\\index.js',
      'C:\\Users\\Chris\\Desktop\\FoodGo\\controllers\\auth.controller.js',
      'C:\\Users\\Chris\\Desktop\\FoodGo\\routes\\auth.js',
      'C:\\Users\\Chris\\Desktop\\FoodGo\\launch\\routes.js',
      'C:\\Users\\Chris\\Desktop\\FoodGo\\index.js'
    ]
  },
  level: 'error',
  message: "uncaughtException: Cannot find module '../MailService'\n" +
    'Require stack:\n' +
    '- C:\\Users\\Chris\\Desktop\\FoodGo\\services\\AuthServices\\SendEmailVerification.js\n' +
    '- C:\\Users\\Chris\\Desktop\\FoodGo\\services\\AuthServices\\index.js\n' +
    '- C:\\Users\\Chris\\Desktop\\FoodGo\\controllers\\auth.controller.js\n' +
    '- C:\\Users\\Chris\\Desktop\\FoodGo\\routes\\auth.js\n' +
    '- C:\\Users\\Chris\\Desktop\\FoodGo\\launch\\routes.js\n' +
    '- C:\\Users\\Chris\\Desktop\\FoodGo\\index.js\n' +
    "Error: Cannot find module '../MailService'\n" +
    'Require stack:\n' +
    '- C:\\Users\\Chris\\Desktop\\FoodGo\\services\\AuthServices\\SendEmailVerification.js\n' +
    '- C:\\Users\\Chris\\Desktop\\FoodGo\\services\\AuthServices\\index.js\n' +
    '- C:\\Users\\Chris\\Desktop\\FoodGo\\controllers\\auth.controller.js\n' +
    '- C:\\Users\\Chris\\Desktop\\FoodGo\\routes\\auth.js\n' +
    '- C:\\Users\\Chris\\Desktop\\FoodGo\\launch\\routes.js\n' +
    '- C:\\Users\\Chris\\Desktop\\FoodGo\\index.js\n' +
    '    at Module._resolveFilename (node:internal/modules/cjs/loader:1144:15)\n' +
    '    at Module._load (node:internal/modules/cjs/loader:985:27)\n' +
    '    at Module.require (node:internal/modules/cjs/loader:1235:19)\n' +
    '    at require (node:internal/modules/helpers:176:18)\n' +
    '    at Object.<anonymous> (C:\\Users\\Chris\\Desktop\\FoodGo\\services\\AuthServices\\SendEmailVerification.js:6:35)\n' +
    '    at Module._compile (node:internal/modules/cjs/loader:1376:14)\n' +
    '    at Module._extensions..js (node:internal/modules/cjs/loader:1435:10)\n' +
    '    at Module.load (node:internal/modules/cjs/loader:1207:32)\n' +
    '    at Module._load (node:internal/modules/cjs/loader:1023:12)\n' +
    '    at Module.require (node:internal/modules/cjs/loader:1235:19)',
  stack: "Error: Cannot find module '../MailService'\n" +
    'Require stack:\n' +
    '- C:\\Users\\Chris\\Desktop\\FoodGo\\services\\AuthServices\\SendEmailVerification.js\n' +
    '- C:\\Users\\Chris\\Desktop\\FoodGo\\services\\AuthServices\\index.js\n' +
    '- C:\\Users\\Chris\\Desktop\\FoodGo\\controllers\\auth.controller.js\n' +
    '- C:\\Users\\Chris\\Desktop\\FoodGo\\routes\\auth.js\n' +
    '- C:\\Users\\Chris\\Desktop\\FoodGo\\launch\\routes.js\n' +
    '- C:\\Users\\Chris\\Desktop\\FoodGo\\index.js\n' +
    '    at Module._resolveFilename (node:internal/modules/cjs/loader:1144:15)\n' +
    '    at Module._load (node:internal/modules/cjs/loader:985:27)\n' +
    '    at Module.require (node:internal/modules/cjs/loader:1235:19)\n' +
    '    at require (node:internal/modules/helpers:176:18)\n' +
    '    at Object.<anonymous> (C:\\Users\\Chris\\Desktop\\FoodGo\\services\\AuthServices\\SendEmailVerification.js:6:35)\n' +
    '    at Module._compile (node:internal/modules/cjs/loader:1376:14)\n' +
    '    at Module._extensions..js (node:internal/modules/cjs/loader:1435:10)\n' +
    '    at Module.load (node:internal/modules/cjs/loader:1207:32)\n' +
    '    at Module._load (node:internal/modules/cjs/loader:1023:12)\n' +
    '    at Module.require (node:internal/modules/cjs/loader:1235:19)',
  exception: true,
  date: 'Wed Jan 01 2025 06:42:42 GMT-0800 (Pacific Standard Time)',
  process: {
    pid: 9092,
    uid: null,
    gid: null,
    cwd: 'C:\\Users\\Chris\\Desktop\\FoodGo',
    execPath: 'C:\\Program Files\\nodejs\\node.exe',
    version: 'v20.11.0',
    argv: [
      'C:\\Program Files\\nodejs\\node.exe',
      'C:\\Users\\Chris\\Desktop\\FoodGo\\index.js',
      'index.js'
    ],
    memoryUsage: {
      rss: 106672128,
      heapTotal: 73633792,
      heapUsed: 53937552,
      external: 20732566,
      arrayBuffers: 18293563
    }
  },
  os: { loadavg: [ 0, 0, 0 ], uptime: 486959.812 },
  trace: [
    {
      column: 15,
      file: 'node:internal/modules/cjs/loader',
      function: 'Module._resolveFilename',
      line: 1144,
      method: '_resolveFilename',
      native: false
    },
    {
      column: 27,
      file: 'node:internal/modules/cjs/loader',
      function: 'Module._load',
      line: 985,
      method: '_load',
      native: false
    },
    {
      column: 19,
      file: 'node:internal/modules/cjs/loader',
      function: 'Module.require',
      line: 1235,
      method: 'require',
      native: false
    },
    {
      column: 18,
      file: 'node:internal/modules/helpers',
      function: 'require',
      line: 176,
      method: null,
      native: false
    },
    {
      column: 35,
      file: 'C:\\Users\\Chris\\Desktop\\FoodGo\\services\\AuthServices\\SendEmailVerification.js',
      function: null,
      line: 6,
      method: null,
      native: false
    },
    {
      column: 14,
      file: 'node:internal/modules/cjs/loader',
      function: 'Module._compile',
      line: 1376,
      method: '_compile',
      native: false
    },
    {
      column: 10,
      file: 'node:internal/modules/cjs/loader',
      function: 'Module._extensions..js',
      line: 1435,
      method: '.js',
      native: false
    },
    {
      column: 32,
      file: 'node:internal/modules/cjs/loader',
      function: 'Module.load',
      line: 1207,
      method: 'load',
      native: false
    },
    {
      column: 12,
      file: 'node:internal/modules/cjs/loader',
      function: 'Module._load',
      line: 1023,
      method: '_load',
      native: false
    },
    {
      column: 19,
      file: 'node:internal/modules/cjs/loader',
      function: 'Module.require',
      line: 1235,
      method: 'require',
      native: false
    }
  ],
  label: 'winston custom format',
  timestamp: 'Jan-01-2025 06:42:42'
}
{
  error: Error: Cannot find module '../MailService'
  Require stack:
  - C:\Users\Chris\Desktop\FoodGo\services\AuthServices\SendEmailVerification.js
  - C:\Users\Chris\Desktop\FoodGo\services\AuthServices\index.js
  - C:\Users\Chris\Desktop\FoodGo\controllers\auth.controller.js
  - C:\Users\Chris\Desktop\FoodGo\routes\auth.js
  - C:\Users\Chris\Desktop\FoodGo\launch\routes.js
  - C:\Users\Chris\Desktop\FoodGo\index.js
      at Module._resolveFilename (node:internal/modules/cjs/loader:1144:15)
      at Module._load (node:internal/modules/cjs/loader:985:27)
      at Module.require (node:internal/modules/cjs/loader:1235:19)
      at require (node:internal/modules/helpers:176:18)
      at Object.<anonymous> (C:\Users\Chris\Desktop\FoodGo\services\AuthServices\SendEmailVerification.js:6:35)
      at Module._compile (node:internal/modules/cjs/loader:1376:14)
      at Module._extensions..js (node:internal/modules/cjs/loader:1435:10)
      at Module.load (node:internal/modules/cjs/loader:1207:32)
      at Module._load (node:internal/modules/cjs/loader:1023:12)
      at Module.require (node:internal/modules/cjs/loader:1235:19) {
    code: 'MODULE_NOT_FOUND',
    requireStack: [
      'C:\\Users\\Chris\\Desktop\\FoodGo\\services\\AuthServices\\SendEmailVerification.js',
      'C:\\Users\\Chris\\Desktop\\FoodGo\\services\\AuthServices\\index.js',
      'C:\\Users\\Chris\\Desktop\\FoodGo\\controllers\\auth.controller.js',
      'C:\\Users\\Chris\\Desktop\\FoodGo\\routes\\auth.js',
      'C:\\Users\\Chris\\Desktop\\FoodGo\\launch\\routes.js',
      'C:\\Users\\Chris\\Desktop\\FoodGo\\index.js'
    ]
  },
  level: 'error',
  message: "uncaughtException: Cannot find module '../MailService'\n" +
    'Require stack:\n' +
    '- C:\\Users\\Chris\\Desktop\\FoodGo\\services\\AuthServices\\SendEmailVerification.js\n' +
    '- C:\\Users\\Chris\\Desktop\\FoodGo\\services\\AuthServices\\index.js\n' +
    '- C:\\Users\\Chris\\Desktop\\FoodGo\\controllers\\auth.controller.js\n' +
    '- C:\\Users\\Chris\\Desktop\\FoodGo\\routes\\auth.js\n' +
    '- C:\\Users\\Chris\\Desktop\\FoodGo\\launch\\routes.js\n' +
    '- C:\\Users\\Chris\\Desktop\\FoodGo\\index.js\n' +
    "Error: Cannot find module '../MailService'\n" +
    'Require stack:\n' +
    '- C:\\Users\\Chris\\Desktop\\FoodGo\\services\\AuthServices\\SendEmailVerification.js\n' +
    '- C:\\Users\\Chris\\Desktop\\FoodGo\\services\\AuthServices\\index.js\n' +
    '- C:\\Users\\Chris\\Desktop\\FoodGo\\controllers\\auth.controller.js\n' +
    '- C:\\Users\\Chris\\Desktop\\FoodGo\\routes\\auth.js\n' +
    '- C:\\Users\\Chris\\Desktop\\FoodGo\\launch\\routes.js\n' +
    '- C:\\Users\\Chris\\Desktop\\FoodGo\\index.js\n' +
    '    at Module._resolveFilename (node:internal/modules/cjs/loader:1144:15)\n' +
    '    at Module._load (node:internal/modules/cjs/loader:985:27)\n' +
    '    at Module.require (node:internal/modules/cjs/loader:1235:19)\n' +
    '    at require (node:internal/modules/helpers:176:18)\n' +
    '    at Object.<anonymous> (C:\\Users\\Chris\\Desktop\\FoodGo\\services\\AuthServices\\SendEmailVerification.js:6:35)\n' +
    '    at Module._compile (node:internal/modules/cjs/loader:1376:14)\n' +
    '    at Module._extensions..js (node:internal/modules/cjs/loader:1435:10)\n' +
    '    at Module.load (node:internal/modules/cjs/loader:1207:32)\n' +
    '    at Module._load (node:internal/modules/cjs/loader:1023:12)\n' +
    '    at Module.require (node:internal/modules/cjs/loader:1235:19)',
  stack: "Error: Cannot find module '../MailService'\n" +
    'Require stack:\n' +
    '- C:\\Users\\Chris\\Desktop\\FoodGo\\services\\AuthServices\\SendEmailVerification.js\n' +
    '- C:\\Users\\Chris\\Desktop\\FoodGo\\services\\AuthServices\\index.js\n' +
    '- C:\\Users\\Chris\\Desktop\\FoodGo\\controllers\\auth.controller.js\n' +
    '- C:\\Users\\Chris\\Desktop\\FoodGo\\routes\\auth.js\n' +
    '- C:\\Users\\Chris\\Desktop\\FoodGo\\launch\\routes.js\n' +
    '- C:\\Users\\Chris\\Desktop\\FoodGo\\index.js\n' +
    '    at Module._resolveFilename (node:internal/modules/cjs/loader:1144:15)\n' +
    '    at Module._load (node:internal/modules/cjs/loader:985:27)\n' +
    '    at Module.require (node:internal/modules/cjs/loader:1235:19)\n' +
    '    at require (node:internal/modules/helpers:176:18)\n' +
    '    at Object.<anonymous> (C:\\Users\\Chris\\Desktop\\FoodGo\\services\\AuthServices\\SendEmailVerification.js:6:35)\n' +
    '    at Module._compile (node:internal/modules/cjs/loader:1376:14)\n' +
    '    at Module._extensions..js (node:internal/modules/cjs/loader:1435:10)\n' +
    '    at Module.load (node:internal/modules/cjs/loader:1207:32)\n' +
    '    at Module._load (node:internal/modules/cjs/loader:1023:12)\n' +
    '    at Module.require (node:internal/modules/cjs/loader:1235:19)',
  exception: true,
  date: 'Wed Jan 01 2025 06:48:45 GMT-0800 (Pacific Standard Time)',
  process: {
    pid: 9936,
    uid: null,
    gid: null,
    cwd: 'C:\\Users\\Chris\\Desktop\\FoodGo',
    execPath: 'C:\\Program Files\\nodejs\\node.exe',
    version: 'v20.11.0',
    argv: [
      'C:\\Program Files\\nodejs\\node.exe',
      'C:\\Users\\Chris\\Desktop\\FoodGo\\index.js',
      'index.js'
    ],
    memoryUsage: {
      rss: 106446848,
      heapTotal: 73428992,
      heapUsed: 53382200,
      external: 20732566,
      arrayBuffers: 18293563
    }
  },
  os: { loadavg: [ 0, 0, 0 ], uptime: 487323.062 },
  trace: [
    {
      column: 15,
      file: 'node:internal/modules/cjs/loader',
      function: 'Module._resolveFilename',
      line: 1144,
      method: '_resolveFilename',
      native: false
    },
    {
      column: 27,
      file: 'node:internal/modules/cjs/loader',
      function: 'Module._load',
      line: 985,
      method: '_load',
      native: false
    },
    {
      column: 19,
      file: 'node:internal/modules/cjs/loader',
      function: 'Module.require',
      line: 1235,
      method: 'require',
      native: false
    },
    {
      column: 18,
      file: 'node:internal/modules/helpers',
      function: 'require',
      line: 176,
      method: null,
      native: false
    },
    {
      column: 35,
      file: 'C:\\Users\\Chris\\Desktop\\FoodGo\\services\\AuthServices\\SendEmailVerification.js',
      function: null,
      line: 6,
      method: null,
      native: false
    },
    {
      column: 14,
      file: 'node:internal/modules/cjs/loader',
      function: 'Module._compile',
      line: 1376,
      method: '_compile',
      native: false
    },
    {
      column: 10,
      file: 'node:internal/modules/cjs/loader',
      function: 'Module._extensions..js',
      line: 1435,
      method: '.js',
      native: false
    },
    {
      column: 32,
      file: 'node:internal/modules/cjs/loader',
      function: 'Module.load',
      line: 1207,
      method: 'load',
      native: false
    },
    {
      column: 12,
      file: 'node:internal/modules/cjs/loader',
      function: 'Module._load',
      line: 1023,
      method: '_load',
      native: false
    },
    {
      column: 19,
      file: 'node:internal/modules/cjs/loader',
      function: 'Module.require',
      line: 1235,
      method: 'require',
      native: false
    }
  ],
  label: 'winston custom format',
  timestamp: 'Jan-01-2025 06:48:45'
}
{
  error: Error: Cannot find module '../MailService'
  Require stack:
  - C:\Users\Chris\Desktop\FoodGo\services\AuthServices\SendEmailVerification.js
  - C:\Users\Chris\Desktop\FoodGo\services\AuthServices\index.js
  - C:\Users\Chris\Desktop\FoodGo\controllers\auth.controller.js
  - C:\Users\Chris\Desktop\FoodGo\routes\auth.js
  - C:\Users\Chris\Desktop\FoodGo\launch\routes.js
  - C:\Users\Chris\Desktop\FoodGo\index.js
      at Module._resolveFilename (node:internal/modules/cjs/loader:1144:15)
      at Module._load (node:internal/modules/cjs/loader:985:27)
      at Module.require (node:internal/modules/cjs/loader:1235:19)
      at require (node:internal/modules/helpers:176:18)
      at Object.<anonymous> (C:\Users\Chris\Desktop\FoodGo\services\AuthServices\SendEmailVerification.js:6:35)
      at Module._compile (node:internal/modules/cjs/loader:1376:14)
      at Module._extensions..js (node:internal/modules/cjs/loader:1435:10)
      at Module.load (node:internal/modules/cjs/loader:1207:32)
      at Module._load (node:internal/modules/cjs/loader:1023:12)
      at Module.require (node:internal/modules/cjs/loader:1235:19) {
    code: 'MODULE_NOT_FOUND',
    requireStack: [
      'C:\\Users\\Chris\\Desktop\\FoodGo\\services\\AuthServices\\SendEmailVerification.js',
      'C:\\Users\\Chris\\Desktop\\FoodGo\\services\\AuthServices\\index.js',
      'C:\\Users\\Chris\\Desktop\\FoodGo\\controllers\\auth.controller.js',
      'C:\\Users\\Chris\\Desktop\\FoodGo\\routes\\auth.js',
      'C:\\Users\\Chris\\Desktop\\FoodGo\\launch\\routes.js',
      'C:\\Users\\Chris\\Desktop\\FoodGo\\index.js'
    ]
  },
  level: 'error',
  message: "uncaughtException: Cannot find module '../MailService'\n" +
    'Require stack:\n' +
    '- C:\\Users\\Chris\\Desktop\\FoodGo\\services\\AuthServices\\SendEmailVerification.js\n' +
    '- C:\\Users\\Chris\\Desktop\\FoodGo\\services\\AuthServices\\index.js\n' +
    '- C:\\Users\\Chris\\Desktop\\FoodGo\\controllers\\auth.controller.js\n' +
    '- C:\\Users\\Chris\\Desktop\\FoodGo\\routes\\auth.js\n' +
    '- C:\\Users\\Chris\\Desktop\\FoodGo\\launch\\routes.js\n' +
    '- C:\\Users\\Chris\\Desktop\\FoodGo\\index.js\n' +
    "Error: Cannot find module '../MailService'\n" +
    'Require stack:\n' +
    '- C:\\Users\\Chris\\Desktop\\FoodGo\\services\\AuthServices\\SendEmailVerification.js\n' +
    '- C:\\Users\\Chris\\Desktop\\FoodGo\\services\\AuthServices\\index.js\n' +
    '- C:\\Users\\Chris\\Desktop\\FoodGo\\controllers\\auth.controller.js\n' +
    '- C:\\Users\\Chris\\Desktop\\FoodGo\\routes\\auth.js\n' +
    '- C:\\Users\\Chris\\Desktop\\FoodGo\\launch\\routes.js\n' +
    '- C:\\Users\\Chris\\Desktop\\FoodGo\\index.js\n' +
    '    at Module._resolveFilename (node:internal/modules/cjs/loader:1144:15)\n' +
    '    at Module._load (node:internal/modules/cjs/loader:985:27)\n' +
    '    at Module.require (node:internal/modules/cjs/loader:1235:19)\n' +
    '    at require (node:internal/modules/helpers:176:18)\n' +
    '    at Object.<anonymous> (C:\\Users\\Chris\\Desktop\\FoodGo\\services\\AuthServices\\SendEmailVerification.js:6:35)\n' +
    '    at Module._compile (node:internal/modules/cjs/loader:1376:14)\n' +
    '    at Module._extensions..js (node:internal/modules/cjs/loader:1435:10)\n' +
    '    at Module.load (node:internal/modules/cjs/loader:1207:32)\n' +
    '    at Module._load (node:internal/modules/cjs/loader:1023:12)\n' +
    '    at Module.require (node:internal/modules/cjs/loader:1235:19)',
  stack: "Error: Cannot find module '../MailService'\n" +
    'Require stack:\n' +
    '- C:\\Users\\Chris\\Desktop\\FoodGo\\services\\AuthServices\\SendEmailVerification.js\n' +
    '- C:\\Users\\Chris\\Desktop\\FoodGo\\services\\AuthServices\\index.js\n' +
    '- C:\\Users\\Chris\\Desktop\\FoodGo\\controllers\\auth.controller.js\n' +
    '- C:\\Users\\Chris\\Desktop\\FoodGo\\routes\\auth.js\n' +
    '- C:\\Users\\Chris\\Desktop\\FoodGo\\launch\\routes.js\n' +
    '- C:\\Users\\Chris\\Desktop\\FoodGo\\index.js\n' +
    '    at Module._resolveFilename (node:internal/modules/cjs/loader:1144:15)\n' +
    '    at Module._load (node:internal/modules/cjs/loader:985:27)\n' +
    '    at Module.require (node:internal/modules/cjs/loader:1235:19)\n' +
    '    at require (node:internal/modules/helpers:176:18)\n' +
    '    at Object.<anonymous> (C:\\Users\\Chris\\Desktop\\FoodGo\\services\\AuthServices\\SendEmailVerification.js:6:35)\n' +
    '    at Module._compile (node:internal/modules/cjs/loader:1376:14)\n' +
    '    at Module._extensions..js (node:internal/modules/cjs/loader:1435:10)\n' +
    '    at Module.load (node:internal/modules/cjs/loader:1207:32)\n' +
    '    at Module._load (node:internal/modules/cjs/loader:1023:12)\n' +
    '    at Module.require (node:internal/modules/cjs/loader:1235:19)',
  exception: true,
  date: 'Wed Jan 01 2025 06:50:08 GMT-0800 (Pacific Standard Time)',
  process: {
    pid: 13504,
    uid: null,
    gid: null,
    cwd: 'C:\\Users\\Chris\\Desktop\\FoodGo',
    execPath: 'C:\\Program Files\\nodejs\\node.exe',
    version: 'v20.11.0',
    argv: [
      'C:\\Program Files\\nodejs\\node.exe',
      'C:\\Users\\Chris\\Desktop\\FoodGo\\index.js',
      'index.js'
    ],
    memoryUsage: {
      rss: 106717184,
      heapTotal: 73691136,
      heapUsed: 53311840,
      external: 20732566,
      arrayBuffers: 18293563
    }
  },
  os: { loadavg: [ 0, 0, 0 ], uptime: 487406.39 },
  trace: [
    {
      column: 15,
      file: 'node:internal/modules/cjs/loader',
      function: 'Module._resolveFilename',
      line: 1144,
      method: '_resolveFilename',
      native: false
    },
    {
      column: 27,
      file: 'node:internal/modules/cjs/loader',
      function: 'Module._load',
      line: 985,
      method: '_load',
      native: false
    },
    {
      column: 19,
      file: 'node:internal/modules/cjs/loader',
      function: 'Module.require',
      line: 1235,
      method: 'require',
      native: false
    },
    {
      column: 18,
      file: 'node:internal/modules/helpers',
      function: 'require',
      line: 176,
      method: null,
      native: false
    },
    {
      column: 35,
      file: 'C:\\Users\\Chris\\Desktop\\FoodGo\\services\\AuthServices\\SendEmailVerification.js',
      function: null,
      line: 6,
      method: null,
      native: false
    },
    {
      column: 14,
      file: 'node:internal/modules/cjs/loader',
      function: 'Module._compile',
      line: 1376,
      method: '_compile',
      native: false
    },
    {
      column: 10,
      file: 'node:internal/modules/cjs/loader',
      function: 'Module._extensions..js',
      line: 1435,
      method: '.js',
      native: false
    },
    {
      column: 32,
      file: 'node:internal/modules/cjs/loader',
      function: 'Module.load',
      line: 1207,
      method: 'load',
      native: false
    },
    {
      column: 12,
      file: 'node:internal/modules/cjs/loader',
      function: 'Module._load',
      line: 1023,
      method: '_load',
      native: false
    },
    {
      column: 19,
      file: 'node:internal/modules/cjs/loader',
      function: 'Module.require',
      line: 1235,
      method: 'require',
      native: false
    }
  ],
  label: 'winston custom format',
  timestamp: 'Jan-01-2025 06:50:08'
}
{
  error: Error: Cannot find module '../MailService'
  Require stack:
  - C:\Users\Chris\Desktop\FoodGo\services\AuthServices\SendEmailVerification.js
  - C:\Users\Chris\Desktop\FoodGo\services\AuthServices\index.js
  - C:\Users\Chris\Desktop\FoodGo\controllers\auth.controller.js
  - C:\Users\Chris\Desktop\FoodGo\routes\auth.js
  - C:\Users\Chris\Desktop\FoodGo\launch\routes.js
  - C:\Users\Chris\Desktop\FoodGo\index.js
      at Module._resolveFilename (node:internal/modules/cjs/loader:1144:15)
      at Module._load (node:internal/modules/cjs/loader:985:27)
      at Module.require (node:internal/modules/cjs/loader:1235:19)
      at require (node:internal/modules/helpers:176:18)
      at Object.<anonymous> (C:\Users\Chris\Desktop\FoodGo\services\AuthServices\SendEmailVerification.js:6:35)
      at Module._compile (node:internal/modules/cjs/loader:1376:14)
      at Module._extensions..js (node:internal/modules/cjs/loader:1435:10)
      at Module.load (node:internal/modules/cjs/loader:1207:32)
      at Module._load (node:internal/modules/cjs/loader:1023:12)
      at Module.require (node:internal/modules/cjs/loader:1235:19) {
    code: 'MODULE_NOT_FOUND',
    requireStack: [
      'C:\\Users\\Chris\\Desktop\\FoodGo\\services\\AuthServices\\SendEmailVerification.js',
      'C:\\Users\\Chris\\Desktop\\FoodGo\\services\\AuthServices\\index.js',
      'C:\\Users\\Chris\\Desktop\\FoodGo\\controllers\\auth.controller.js',
      'C:\\Users\\Chris\\Desktop\\FoodGo\\routes\\auth.js',
      'C:\\Users\\Chris\\Desktop\\FoodGo\\launch\\routes.js',
      'C:\\Users\\Chris\\Desktop\\FoodGo\\index.js'
    ]
  },
  level: 'error',
  message: "uncaughtException: Cannot find module '../MailService'\n" +
    'Require stack:\n' +
    '- C:\\Users\\Chris\\Desktop\\FoodGo\\services\\AuthServices\\SendEmailVerification.js\n' +
    '- C:\\Users\\Chris\\Desktop\\FoodGo\\services\\AuthServices\\index.js\n' +
    '- C:\\Users\\Chris\\Desktop\\FoodGo\\controllers\\auth.controller.js\n' +
    '- C:\\Users\\Chris\\Desktop\\FoodGo\\routes\\auth.js\n' +
    '- C:\\Users\\Chris\\Desktop\\FoodGo\\launch\\routes.js\n' +
    '- C:\\Users\\Chris\\Desktop\\FoodGo\\index.js\n' +
    "Error: Cannot find module '../MailService'\n" +
    'Require stack:\n' +
    '- C:\\Users\\Chris\\Desktop\\FoodGo\\services\\AuthServices\\SendEmailVerification.js\n' +
    '- C:\\Users\\Chris\\Desktop\\FoodGo\\services\\AuthServices\\index.js\n' +
    '- C:\\Users\\Chris\\Desktop\\FoodGo\\controllers\\auth.controller.js\n' +
    '- C:\\Users\\Chris\\Desktop\\FoodGo\\routes\\auth.js\n' +
    '- C:\\Users\\Chris\\Desktop\\FoodGo\\launch\\routes.js\n' +
    '- C:\\Users\\Chris\\Desktop\\FoodGo\\index.js\n' +
    '    at Module._resolveFilename (node:internal/modules/cjs/loader:1144:15)\n' +
    '    at Module._load (node:internal/modules/cjs/loader:985:27)\n' +
    '    at Module.require (node:internal/modules/cjs/loader:1235:19)\n' +
    '    at require (node:internal/modules/helpers:176:18)\n' +
    '    at Object.<anonymous> (C:\\Users\\Chris\\Desktop\\FoodGo\\services\\AuthServices\\SendEmailVerification.js:6:35)\n' +
    '    at Module._compile (node:internal/modules/cjs/loader:1376:14)\n' +
    '    at Module._extensions..js (node:internal/modules/cjs/loader:1435:10)\n' +
    '    at Module.load (node:internal/modules/cjs/loader:1207:32)\n' +
    '    at Module._load (node:internal/modules/cjs/loader:1023:12)\n' +
    '    at Module.require (node:internal/modules/cjs/loader:1235:19)',
  stack: "Error: Cannot find module '../MailService'\n" +
    'Require stack:\n' +
    '- C:\\Users\\Chris\\Desktop\\FoodGo\\services\\AuthServices\\SendEmailVerification.js\n' +
    '- C:\\Users\\Chris\\Desktop\\FoodGo\\services\\AuthServices\\index.js\n' +
    '- C:\\Users\\Chris\\Desktop\\FoodGo\\controllers\\auth.controller.js\n' +
    '- C:\\Users\\Chris\\Desktop\\FoodGo\\routes\\auth.js\n' +
    '- C:\\Users\\Chris\\Desktop\\FoodGo\\launch\\routes.js\n' +
    '- C:\\Users\\Chris\\Desktop\\FoodGo\\index.js\n' +
    '    at Module._resolveFilename (node:internal/modules/cjs/loader:1144:15)\n' +
    '    at Module._load (node:internal/modules/cjs/loader:985:27)\n' +
    '    at Module.require (node:internal/modules/cjs/loader:1235:19)\n' +
    '    at require (node:internal/modules/helpers:176:18)\n' +
    '    at Object.<anonymous> (C:\\Users\\Chris\\Desktop\\FoodGo\\services\\AuthServices\\SendEmailVerification.js:6:35)\n' +
    '    at Module._compile (node:internal/modules/cjs/loader:1376:14)\n' +
    '    at Module._extensions..js (node:internal/modules/cjs/loader:1435:10)\n' +
    '    at Module.load (node:internal/modules/cjs/loader:1207:32)\n' +
    '    at Module._load (node:internal/modules/cjs/loader:1023:12)\n' +
    '    at Module.require (node:internal/modules/cjs/loader:1235:19)',
  exception: true,
  date: 'Wed Jan 01 2025 06:50:42 GMT-0800 (Pacific Standard Time)',
  process: {
    pid: 8548,
    uid: null,
    gid: null,
    cwd: 'C:\\Users\\Chris\\Desktop\\FoodGo',
    execPath: 'C:\\Program Files\\nodejs\\node.exe',
    version: 'v20.11.0',
    argv: [
      'C:\\Program Files\\nodejs\\node.exe',
      'C:\\Users\\Chris\\Desktop\\FoodGo\\index.js',
      'index.js'
    ],
    memoryUsage: {
      rss: 106590208,
      heapTotal: 73633792,
      heapUsed: 53967408,
      external: 20732566,
      arrayBuffers: 18293563
    }
  },
  os: { loadavg: [ 0, 0, 0 ], uptime: 487440.5 },
  trace: [
    {
      column: 15,
      file: 'node:internal/modules/cjs/loader',
      function: 'Module._resolveFilename',
      line: 1144,
      method: '_resolveFilename',
      native: false
    },
    {
      column: 27,
      file: 'node:internal/modules/cjs/loader',
      function: 'Module._load',
      line: 985,
      method: '_load',
      native: false
    },
    {
      column: 19,
      file: 'node:internal/modules/cjs/loader',
      function: 'Module.require',
      line: 1235,
      method: 'require',
      native: false
    },
    {
      column: 18,
      file: 'node:internal/modules/helpers',
      function: 'require',
      line: 176,
      method: null,
      native: false
    },
    {
      column: 35,
      file: 'C:\\Users\\Chris\\Desktop\\FoodGo\\services\\AuthServices\\SendEmailVerification.js',
      function: null,
      line: 6,
      method: null,
      native: false
    },
    {
      column: 14,
      file: 'node:internal/modules/cjs/loader',
      function: 'Module._compile',
      line: 1376,
      method: '_compile',
      native: false
    },
    {
      column: 10,
      file: 'node:internal/modules/cjs/loader',
      function: 'Module._extensions..js',
      line: 1435,
      method: '.js',
      native: false
    },
    {
      column: 32,
      file: 'node:internal/modules/cjs/loader',
      function: 'Module.load',
      line: 1207,
      method: 'load',
      native: false
    },
    {
      column: 12,
      file: 'node:internal/modules/cjs/loader',
      function: 'Module._load',
      line: 1023,
      method: '_load',
      native: false
    },
    {
      column: 19,
      file: 'node:internal/modules/cjs/loader',
      function: 'Module.require',
      line: 1235,
      method: 'require',
      native: false
    }
  ],
  label: 'winston custom format',
  timestamp: 'Jan-01-2025 06:50:42'
}
{
  error: Error: Cannot find module '../MailService'
  Require stack:
  - C:\Users\Chris\Desktop\FoodGo\services\AuthServices\SendEmailVerification.js
  - C:\Users\Chris\Desktop\FoodGo\services\AuthServices\index.js
  - C:\Users\Chris\Desktop\FoodGo\controllers\auth.controller.js
  - C:\Users\Chris\Desktop\FoodGo\routes\auth.js
  - C:\Users\Chris\Desktop\FoodGo\launch\routes.js
  - C:\Users\Chris\Desktop\FoodGo\index.js
      at Module._resolveFilename (node:internal/modules/cjs/loader:1144:15)
      at Module._load (node:internal/modules/cjs/loader:985:27)
      at Module.require (node:internal/modules/cjs/loader:1235:19)
      at require (node:internal/modules/helpers:176:18)
      at Object.<anonymous> (C:\Users\Chris\Desktop\FoodGo\services\AuthServices\SendEmailVerification.js:6:35)
      at Module._compile (node:internal/modules/cjs/loader:1376:14)
      at Module._extensions..js (node:internal/modules/cjs/loader:1435:10)
      at Module.load (node:internal/modules/cjs/loader:1207:32)
      at Module._load (node:internal/modules/cjs/loader:1023:12)
      at Module.require (node:internal/modules/cjs/loader:1235:19) {
    code: 'MODULE_NOT_FOUND',
    requireStack: [
      'C:\\Users\\Chris\\Desktop\\FoodGo\\services\\AuthServices\\SendEmailVerification.js',
      'C:\\Users\\Chris\\Desktop\\FoodGo\\services\\AuthServices\\index.js',
      'C:\\Users\\Chris\\Desktop\\FoodGo\\controllers\\auth.controller.js',
      'C:\\Users\\Chris\\Desktop\\FoodGo\\routes\\auth.js',
      'C:\\Users\\Chris\\Desktop\\FoodGo\\launch\\routes.js',
      'C:\\Users\\Chris\\Desktop\\FoodGo\\index.js'
    ]
  },
  level: 'error',
  message: "uncaughtException: Cannot find module '../MailService'\n" +
    'Require stack:\n' +
    '- C:\\Users\\Chris\\Desktop\\FoodGo\\services\\AuthServices\\SendEmailVerification.js\n' +
    '- C:\\Users\\Chris\\Desktop\\FoodGo\\services\\AuthServices\\index.js\n' +
    '- C:\\Users\\Chris\\Desktop\\FoodGo\\controllers\\auth.controller.js\n' +
    '- C:\\Users\\Chris\\Desktop\\FoodGo\\routes\\auth.js\n' +
    '- C:\\Users\\Chris\\Desktop\\FoodGo\\launch\\routes.js\n' +
    '- C:\\Users\\Chris\\Desktop\\FoodGo\\index.js\n' +
    "Error: Cannot find module '../MailService'\n" +
    'Require stack:\n' +
    '- C:\\Users\\Chris\\Desktop\\FoodGo\\services\\AuthServices\\SendEmailVerification.js\n' +
    '- C:\\Users\\Chris\\Desktop\\FoodGo\\services\\AuthServices\\index.js\n' +
    '- C:\\Users\\Chris\\Desktop\\FoodGo\\controllers\\auth.controller.js\n' +
    '- C:\\Users\\Chris\\Desktop\\FoodGo\\routes\\auth.js\n' +
    '- C:\\Users\\Chris\\Desktop\\FoodGo\\launch\\routes.js\n' +
    '- C:\\Users\\Chris\\Desktop\\FoodGo\\index.js\n' +
    '    at Module._resolveFilename (node:internal/modules/cjs/loader:1144:15)\n' +
    '    at Module._load (node:internal/modules/cjs/loader:985:27)\n' +
    '    at Module.require (node:internal/modules/cjs/loader:1235:19)\n' +
    '    at require (node:internal/modules/helpers:176:18)\n' +
    '    at Object.<anonymous> (C:\\Users\\Chris\\Desktop\\FoodGo\\services\\AuthServices\\SendEmailVerification.js:6:35)\n' +
    '    at Module._compile (node:internal/modules/cjs/loader:1376:14)\n' +
    '    at Module._extensions..js (node:internal/modules/cjs/loader:1435:10)\n' +
    '    at Module.load (node:internal/modules/cjs/loader:1207:32)\n' +
    '    at Module._load (node:internal/modules/cjs/loader:1023:12)\n' +
    '    at Module.require (node:internal/modules/cjs/loader:1235:19)',
  stack: "Error: Cannot find module '../MailService'\n" +
    'Require stack:\n' +
    '- C:\\Users\\Chris\\Desktop\\FoodGo\\services\\AuthServices\\SendEmailVerification.js\n' +
    '- C:\\Users\\Chris\\Desktop\\FoodGo\\services\\AuthServices\\index.js\n' +
    '- C:\\Users\\Chris\\Desktop\\FoodGo\\controllers\\auth.controller.js\n' +
    '- C:\\Users\\Chris\\Desktop\\FoodGo\\routes\\auth.js\n' +
    '- C:\\Users\\Chris\\Desktop\\FoodGo\\launch\\routes.js\n' +
    '- C:\\Users\\Chris\\Desktop\\FoodGo\\index.js\n' +
    '    at Module._resolveFilename (node:internal/modules/cjs/loader:1144:15)\n' +
    '    at Module._load (node:internal/modules/cjs/loader:985:27)\n' +
    '    at Module.require (node:internal/modules/cjs/loader:1235:19)\n' +
    '    at require (node:internal/modules/helpers:176:18)\n' +
    '    at Object.<anonymous> (C:\\Users\\Chris\\Desktop\\FoodGo\\services\\AuthServices\\SendEmailVerification.js:6:35)\n' +
    '    at Module._compile (node:internal/modules/cjs/loader:1376:14)\n' +
    '    at Module._extensions..js (node:internal/modules/cjs/loader:1435:10)\n' +
    '    at Module.load (node:internal/modules/cjs/loader:1207:32)\n' +
    '    at Module._load (node:internal/modules/cjs/loader:1023:12)\n' +
    '    at Module.require (node:internal/modules/cjs/loader:1235:19)',
  exception: true,
  date: 'Wed Jan 01 2025 06:51:19 GMT-0800 (Pacific Standard Time)',
  process: {
    pid: 7104,
    uid: null,
    gid: null,
    cwd: 'C:\\Users\\Chris\\Desktop\\FoodGo',
    execPath: 'C:\\Program Files\\nodejs\\node.exe',
    version: 'v20.11.0',
    argv: [
      'C:\\Program Files\\nodejs\\node.exe',
      'C:\\Users\\Chris\\Desktop\\FoodGo\\index.js',
      'index.js'
    ],
    memoryUsage: {
      rss: 110473216,
      heapTotal: 79400960,
      heapUsed: 56420080,
      external: 20732566,
      arrayBuffers: 18293563
    }
  },
  os: { loadavg: [ 0, 0, 0 ], uptime: 487477.593 },
  trace: [
    {
      column: 15,
      file: 'node:internal/modules/cjs/loader',
      function: 'Module._resolveFilename',
      line: 1144,
      method: '_resolveFilename',
      native: false
    },
    {
      column: 27,
      file: 'node:internal/modules/cjs/loader',
      function: 'Module._load',
      line: 985,
      method: '_load',
      native: false
    },
    {
      column: 19,
      file: 'node:internal/modules/cjs/loader',
      function: 'Module.require',
      line: 1235,
      method: 'require',
      native: false
    },
    {
      column: 18,
      file: 'node:internal/modules/helpers',
      function: 'require',
      line: 176,
      method: null,
      native: false
    },
    {
      column: 35,
      file: 'C:\\Users\\Chris\\Desktop\\FoodGo\\services\\AuthServices\\SendEmailVerification.js',
      function: null,
      line: 6,
      method: null,
      native: false
    },
    {
      column: 14,
      file: 'node:internal/modules/cjs/loader',
      function: 'Module._compile',
      line: 1376,
      method: '_compile',
      native: false
    },
    {
      column: 10,
      file: 'node:internal/modules/cjs/loader',
      function: 'Module._extensions..js',
      line: 1435,
      method: '.js',
      native: false
    },
    {
      column: 32,
      file: 'node:internal/modules/cjs/loader',
      function: 'Module.load',
      line: 1207,
      method: 'load',
      native: false
    },
    {
      column: 12,
      file: 'node:internal/modules/cjs/loader',
      function: 'Module._load',
      line: 1023,
      method: '_load',
      native: false
    },
    {
      column: 19,
      file: 'node:internal/modules/cjs/loader',
      function: 'Module.require',
      line: 1235,
      method: 'require',
      native: false
    }
  ],
  label: 'winston custom format',
  timestamp: 'Jan-01-2025 06:51:19'
}
{
  error: Error: Cannot find module '../MailService'
  Require stack:
  - C:\Users\Chris\Desktop\FoodGo\services\AuthServices\SendEmailVerification.js
  - C:\Users\Chris\Desktop\FoodGo\services\AuthServices\index.js
  - C:\Users\Chris\Desktop\FoodGo\controllers\auth.controller.js
  - C:\Users\Chris\Desktop\FoodGo\routes\auth.js
  - C:\Users\Chris\Desktop\FoodGo\launch\routes.js
  - C:\Users\Chris\Desktop\FoodGo\index.js
      at Module._resolveFilename (node:internal/modules/cjs/loader:1144:15)
      at Module._load (node:internal/modules/cjs/loader:985:27)
      at Module.require (node:internal/modules/cjs/loader:1235:19)
      at require (node:internal/modules/helpers:176:18)
      at Object.<anonymous> (C:\Users\Chris\Desktop\FoodGo\services\AuthServices\SendEmailVerification.js:6:35)
      at Module._compile (node:internal/modules/cjs/loader:1376:14)
      at Module._extensions..js (node:internal/modules/cjs/loader:1435:10)
      at Module.load (node:internal/modules/cjs/loader:1207:32)
      at Module._load (node:internal/modules/cjs/loader:1023:12)
      at Module.require (node:internal/modules/cjs/loader:1235:19) {
    code: 'MODULE_NOT_FOUND',
    requireStack: [
      'C:\\Users\\Chris\\Desktop\\FoodGo\\services\\AuthServices\\SendEmailVerification.js',
      'C:\\Users\\Chris\\Desktop\\FoodGo\\services\\AuthServices\\index.js',
      'C:\\Users\\Chris\\Desktop\\FoodGo\\controllers\\auth.controller.js',
      'C:\\Users\\Chris\\Desktop\\FoodGo\\routes\\auth.js',
      'C:\\Users\\Chris\\Desktop\\FoodGo\\launch\\routes.js',
      'C:\\Users\\Chris\\Desktop\\FoodGo\\index.js'
    ]
  },
  level: 'error',
  message: "uncaughtException: Cannot find module '../MailService'\n" +
    'Require stack:\n' +
    '- C:\\Users\\Chris\\Desktop\\FoodGo\\services\\AuthServices\\SendEmailVerification.js\n' +
    '- C:\\Users\\Chris\\Desktop\\FoodGo\\services\\AuthServices\\index.js\n' +
    '- C:\\Users\\Chris\\Desktop\\FoodGo\\controllers\\auth.controller.js\n' +
    '- C:\\Users\\Chris\\Desktop\\FoodGo\\routes\\auth.js\n' +
    '- C:\\Users\\Chris\\Desktop\\FoodGo\\launch\\routes.js\n' +
    '- C:\\Users\\Chris\\Desktop\\FoodGo\\index.js\n' +
    "Error: Cannot find module '../MailService'\n" +
    'Require stack:\n' +
    '- C:\\Users\\Chris\\Desktop\\FoodGo\\services\\AuthServices\\SendEmailVerification.js\n' +
    '- C:\\Users\\Chris\\Desktop\\FoodGo\\services\\AuthServices\\index.js\n' +
    '- C:\\Users\\Chris\\Desktop\\FoodGo\\controllers\\auth.controller.js\n' +
    '- C:\\Users\\Chris\\Desktop\\FoodGo\\routes\\auth.js\n' +
    '- C:\\Users\\Chris\\Desktop\\FoodGo\\launch\\routes.js\n' +
    '- C:\\Users\\Chris\\Desktop\\FoodGo\\index.js\n' +
    '    at Module._resolveFilename (node:internal/modules/cjs/loader:1144:15)\n' +
    '    at Module._load (node:internal/modules/cjs/loader:985:27)\n' +
    '    at Module.require (node:internal/modules/cjs/loader:1235:19)\n' +
    '    at require (node:internal/modules/helpers:176:18)\n' +
    '    at Object.<anonymous> (C:\\Users\\Chris\\Desktop\\FoodGo\\services\\AuthServices\\SendEmailVerification.js:6:35)\n' +
    '    at Module._compile (node:internal/modules/cjs/loader:1376:14)\n' +
    '    at Module._extensions..js (node:internal/modules/cjs/loader:1435:10)\n' +
    '    at Module.load (node:internal/modules/cjs/loader:1207:32)\n' +
    '    at Module._load (node:internal/modules/cjs/loader:1023:12)\n' +
    '    at Module.require (node:internal/modules/cjs/loader:1235:19)',
  stack: "Error: Cannot find module '../MailService'\n" +
    'Require stack:\n' +
    '- C:\\Users\\Chris\\Desktop\\FoodGo\\services\\AuthServices\\SendEmailVerification.js\n' +
    '- C:\\Users\\Chris\\Desktop\\FoodGo\\services\\AuthServices\\index.js\n' +
    '- C:\\Users\\Chris\\Desktop\\FoodGo\\controllers\\auth.controller.js\n' +
    '- C:\\Users\\Chris\\Desktop\\FoodGo\\routes\\auth.js\n' +
    '- C:\\Users\\Chris\\Desktop\\FoodGo\\launch\\routes.js\n' +
    '- C:\\Users\\Chris\\Desktop\\FoodGo\\index.js\n' +
    '    at Module._resolveFilename (node:internal/modules/cjs/loader:1144:15)\n' +
    '    at Module._load (node:internal/modules/cjs/loader:985:27)\n' +
    '    at Module.require (node:internal/modules/cjs/loader:1235:19)\n' +
    '    at require (node:internal/modules/helpers:176:18)\n' +
    '    at Object.<anonymous> (C:\\Users\\Chris\\Desktop\\FoodGo\\services\\AuthServices\\SendEmailVerification.js:6:35)\n' +
    '    at Module._compile (node:internal/modules/cjs/loader:1376:14)\n' +
    '    at Module._extensions..js (node:internal/modules/cjs/loader:1435:10)\n' +
    '    at Module.load (node:internal/modules/cjs/loader:1207:32)\n' +
    '    at Module._load (node:internal/modules/cjs/loader:1023:12)\n' +
    '    at Module.require (node:internal/modules/cjs/loader:1235:19)',
  exception: true,
  date: 'Wed Jan 01 2025 06:56:27 GMT-0800 (Pacific Standard Time)',
  process: {
    pid: 17428,
    uid: null,
    gid: null,
    cwd: 'C:\\Users\\Chris\\Desktop\\FoodGo',
    execPath: 'C:\\Program Files\\nodejs\\node.exe',
    version: 'v20.11.0',
    argv: [
      'C:\\Program Files\\nodejs\\node.exe',
      'C:\\Users\\Chris\\Desktop\\FoodGo\\index.js',
      'index.js'
    ],
    memoryUsage: {
      rss: 105295872,
      heapTotal: 74158080,
      heapUsed: 53844760,
      external: 20732566,
      arrayBuffers: 18293563
    }
  },
  os: { loadavg: [ 0, 0, 0 ], uptime: 487785.578 },
  trace: [
    {
      column: 15,
      file: 'node:internal/modules/cjs/loader',
      function: 'Module._resolveFilename',
      line: 1144,
      method: '_resolveFilename',
      native: false
    },
    {
      column: 27,
      file: 'node:internal/modules/cjs/loader',
      function: 'Module._load',
      line: 985,
      method: '_load',
      native: false
    },
    {
      column: 19,
      file: 'node:internal/modules/cjs/loader',
      function: 'Module.require',
      line: 1235,
      method: 'require',
      native: false
    },
    {
      column: 18,
      file: 'node:internal/modules/helpers',
      function: 'require',
      line: 176,
      method: null,
      native: false
    },
    {
      column: 35,
      file: 'C:\\Users\\Chris\\Desktop\\FoodGo\\services\\AuthServices\\SendEmailVerification.js',
      function: null,
      line: 6,
      method: null,
      native: false
    },
    {
      column: 14,
      file: 'node:internal/modules/cjs/loader',
      function: 'Module._compile',
      line: 1376,
      method: '_compile',
      native: false
    },
    {
      column: 10,
      file: 'node:internal/modules/cjs/loader',
      function: 'Module._extensions..js',
      line: 1435,
      method: '.js',
      native: false
    },
    {
      column: 32,
      file: 'node:internal/modules/cjs/loader',
      function: 'Module.load',
      line: 1207,
      method: 'load',
      native: false
    },
    {
      column: 12,
      file: 'node:internal/modules/cjs/loader',
      function: 'Module._load',
      line: 1023,
      method: '_load',
      native: false
    },
    {
      column: 19,
      file: 'node:internal/modules/cjs/loader',
      function: 'Module.require',
      line: 1235,
      method: 'require',
      native: false
    }
  ],
  label: 'winston custom format',
  timestamp: 'Jan-01-2025 06:56:27'
}
