{
  level: 'info',
  message: 'listening for requests at port',
  label: 'winston custom format',
  timestamp: 'Dec-31-2024 10:51:30'
}
{
  level: 'info',
  message: 'listening for requests at port',
  label: 'winston custom format',
  timestamp: 'Dec-31-2024 10:53:18'
}
{
  level: 'info',
  message: 'listening for requests at port',
  label: 'winston custom format',
  timestamp: 'Dec-31-2024 11:07:10'
}
{
  level: 'info',
  message: 'listening for requests at port',
  label: 'winston custom format',
  timestamp: 'Dec-31-2024 11:07:56'
}
{
  level: 'info',
  message: 'listening for requests at port',
  label: 'winston custom format',
  timestamp: 'Dec-31-2024 11:10:57'
}
{
  level: 'info',
  message: 'listening for requests at port',
  label: 'winston custom format',
  timestamp: 'Dec-31-2024 11:11:11'
}
{
  level: 'info',
  message: 'listening for requests at port',
  label: 'winston custom format',
  timestamp: 'Dec-31-2024 11:11:23'
}
{
  level: 'info',
  message: 'listening for requests at port',
  label: 'winston custom format',
  timestamp: 'Dec-31-2024 11:13:07'
}
{
  level: 'info',
  message: 'listening for requests at port',
  label: 'winston custom format',
  timestamp: 'Dec-31-2024 11:14:16'
}
{
  level: 'info',
  message: 'listening for requests at port',
  label: 'winston custom format',
  timestamp: 'Dec-31-2024 11:15:00'
}
{
  level: 'info',
  message: 'listening for requests at port',
  label: 'winston custom format',
  timestamp: 'Dec-31-2024 11:19:08'
}
{
  level: 'info',
  message: 'listening for requests at port',
  label: 'winston custom format',
  timestamp: 'Dec-31-2024 11:20:34'
}
{
  level: 'info',
  message: 'listening for requests at port',
  label: 'winston custom format',
  timestamp: 'Dec-31-2024 11:21:14'
}
{
  level: 'info',
  message: 'listening for requests at port',
  label: 'winston custom format',
  timestamp: 'Dec-31-2024 11:21:37'
}
{
  level: 'info',
  message: 'listening for requests at port',
  label: 'winston custom format',
  timestamp: 'Dec-31-2024 11:22:38'
}
{
  level: 'info',
  message: 'listening for requests at port',
  label: 'winston custom format',
  timestamp: 'Dec-31-2024 11:22:48'
}
{
  level: 'info',
  message: 'listening for requests at port',
  label: 'winston custom format',
  timestamp: 'Dec-31-2024 11:24:12'
}
{
  level: 'info',
  message: 'listening for requests at port',
  label: 'winston custom format',
  timestamp: 'Dec-31-2024 11:24:31'
}
{
  level: 'info',
  message: 'listening for requests at port',
  label: 'winston custom format',
  timestamp: 'Dec-31-2024 11:27:28'
}
{
  level: 'info',
  message: 'listening for requests at port',
  label: 'winston custom format',
  timestamp: 'Dec-31-2024 11:28:02'
}
{
  level: 'info',
  message: 'listening for requests at port',
  label: 'winston custom format',
  timestamp: 'Dec-31-2024 11:28:42'
}
{
  level: 'info',
  message: 'listening for requests at port',
  label: 'winston custom format',
  timestamp: 'Dec-31-2024 11:29:11'
}
{
  level: 'info',
  message: 'listening for requests at port',
  label: 'winston custom format',
  timestamp: 'Dec-31-2024 11:30:11'
}
{
  level: 'info',
  message: 'listening for requests at port',
  label: 'winston custom format',
  timestamp: 'Dec-31-2024 11:33:28'
}
{
  level: 'info',
  message: 'listening for requests at port',
  label: 'winston custom format',
  timestamp: 'Dec-31-2024 11:33:45'
}
{
  level: 'info',
  message: 'listening for requests at port',
  label: 'winston custom format',
  timestamp: 'Dec-31-2024 11:34:07'
}
{
  level: 'info',
  message: 'listening for requests at port',
  label: 'winston custom format',
  timestamp: 'Dec-31-2024 11:35:42'
}
{
  level: 'info',
  message: 'listening for requests at port',
  label: 'winston custom format',
  timestamp: 'Dec-31-2024 11:36:02'
}
{
  level: 'info',
  message: 'listening for requests at port',
  label: 'winston custom format',
  timestamp: 'Dec-31-2024 11:36:45'
}
{
  level: 'info',
  message: 'listening for requests at port',
  label: 'winston custom format',
  timestamp: 'Dec-31-2024 11:37:52'
}
{
  level: 'info',
  message: 'listening for requests at port',
  label: 'winston custom format',
  timestamp: 'Dec-31-2024 11:38:21'
}
{
  level: 'info',
  message: 'listening for requests at port',
  label: 'winston custom format',
  timestamp: 'Dec-31-2024 11:39:45'
}
{
  level: 'info',
  message: 'listening for requests at port',
  label: 'winston custom format',
  timestamp: 'Dec-31-2024 11:42:13'
}
{
  level: 'info',
  message: 'listening for requests at port',
  label: 'winston custom format',
  timestamp: 'Dec-31-2024 11:43:04'
}
{
  level: 'info',
  message: 'listening for requests at port',
  label: 'winston custom format',
  timestamp: 'Dec-31-2024 11:43:29'
}
{
  level: 'info',
  message: 'listening for requests at port',
  label: 'winston custom format',
  timestamp: 'Dec-31-2024 11:43:49'
}
{
  level: 'info',
  message: 'listening for requests at port',
  label: 'winston custom format',
  timestamp: 'Dec-31-2024 11:44:16'
}
